2013/11/23 18:54:25 [error] [exception.CHttpException.404] exception 'CHttpException' with message 'Unable to resolve the request "dist/js/jquery-1.10.1.min.map".' in C:\xampp\htdocs\Yii Core\framework\web\CWebApplication.php:286
Stack trace:
#0 C:\xampp\htdocs\Yii Core\framework\web\CWebApplication.php(141): CWebApplication->runController('dist/js/jquery-...')
#1 C:\xampp\htdocs\Yii Core\framework\base\CApplication.php(180): CWebApplication->processRequest()
#2 C:\xampp\htdocs\tagEvent\index.php(13): CApplication->run()
#3 {main}
REQUEST_URI=/tagEvent/dist/js/jquery-1.10.1.min.map
HTTP_REFERER=http://localhost/tagEvent/event/
---
2013/11/23 18:54:32 [error] [exception.CHttpException.404] exception 'CHttpException' with message 'Unable to resolve the request "dist/js/jquery-1.10.1.min.map".' in C:\xampp\htdocs\Yii Core\framework\web\CWebApplication.php:286
Stack trace:
#0 C:\xampp\htdocs\Yii Core\framework\web\CWebApplication.php(141): CWebApplication->runController('dist/js/jquery-...')
#1 C:\xampp\htdocs\Yii Core\framework\base\CApplication.php(180): CWebApplication->processRequest()
#2 C:\xampp\htdocs\tagEvent\index.php(13): CApplication->run()
#3 {main}
REQUEST_URI=/tagEvent/dist/js/jquery-1.10.1.min.map
HTTP_REFERER=http://localhost/tagEvent/event/
---
2013/11/23 18:56:32 [error] [exception.CException] exception 'CException' with message 'EventController cannot find the requested view "index".' in C:\xampp\htdocs\Yii Core\framework\web\CController.php:878
Stack trace:
#0 C:\xampp\htdocs\Yii Core\framework\web\CController.php(782): CController->renderPartial('index', NULL, true)
#1 C:\xampp\htdocs\tagEvent\protected\controllers\EventController.php(5): CController->render('index')
#2 C:\xampp\htdocs\Yii Core\framework\web\actions\CInlineAction.php(49): EventController->actionIndex()
#3 C:\xampp\htdocs\Yii Core\framework\web\CController.php(308): CInlineAction->runWithParams(Array)
#4 C:\xampp\htdocs\Yii Core\framework\web\CController.php(286): CController->runAction(Object(CInlineAction))
#5 C:\xampp\htdocs\Yii Core\framework\web\CController.php(265): CController->runActionWithFilters(Object(CInlineAction), Array)
#6 C:\xampp\htdocs\Yii Core\framework\web\CWebApplication.php(282): CController->run('')
#7 C:\xampp\htdocs\Yii Core\framework\web\CWebApplication.php(141): CWebApplication->runController('event')
#8 C:\xampp\htdocs\Yii Core\framework\base\CApplication.php(180): CWebApplication->processRequest()
#9 C:\xampp\htdocs\tagEvent\index.php(13): CApplication->run()
#10 {main}
REQUEST_URI=/tagEvent/event/
---
2013/11/23 18:57:44 [error] [exception.CHttpException.404] exception 'CHttpException' with message 'Unable to resolve the request "dist/js/images/marker-icon.png".' in C:\xampp\htdocs\Yii Core\framework\web\CWebApplication.php:286
Stack trace:
#0 C:\xampp\htdocs\Yii Core\framework\web\CWebApplication.php(141): CWebApplication->runController('dist/js/images/...')
#1 C:\xampp\htdocs\Yii Core\framework\base\CApplication.php(180): CWebApplication->processRequest()
#2 C:\xampp\htdocs\tagEvent\index.php(13): CApplication->run()
#3 {main}
REQUEST_URI=/tagEvent/dist/js/images/marker-icon.png
HTTP_REFERER=http://localhost/tagEvent/event/
---
2013/11/23 18:57:44 [error] [exception.CHttpException.404] exception 'CHttpException' with message 'Unable to resolve the request "dist/js/images/marker-shadow.png".' in C:\xampp\htdocs\Yii Core\framework\web\CWebApplication.php:286
Stack trace:
#0 C:\xampp\htdocs\Yii Core\framework\web\CWebApplication.php(141): CWebApplication->runController('dist/js/images/...')
#1 C:\xampp\htdocs\Yii Core\framework\base\CApplication.php(180): CWebApplication->processRequest()
#2 C:\xampp\htdocs\tagEvent\index.php(13): CApplication->run()
#3 {main}
REQUEST_URI=/tagEvent/dist/js/images/marker-shadow.png
HTTP_REFERER=http://localhost/tagEvent/event/
---
2013/11/23 18:57:48 [error] [exception.CHttpException.404] exception 'CHttpException' with message 'Unable to resolve the request "dist/js/images/marker-shadow.png".' in C:\xampp\htdocs\Yii Core\framework\web\CWebApplication.php:286
Stack trace:
#0 C:\xampp\htdocs\Yii Core\framework\web\CWebApplication.php(141): CWebApplication->runController('dist/js/images/...')
#1 C:\xampp\htdocs\Yii Core\framework\base\CApplication.php(180): CWebApplication->processRequest()
#2 C:\xampp\htdocs\tagEvent\index.php(13): CApplication->run()
#3 {main}
REQUEST_URI=/tagEvent/dist/js/images/marker-shadow.png
HTTP_REFERER=http://localhost/tagEvent/event/
---
2013/11/23 18:57:48 [error] [exception.CHttpException.404] exception 'CHttpException' with message 'Unable to resolve the request "dist/js/images/marker-icon.png".' in C:\xampp\htdocs\Yii Core\framework\web\CWebApplication.php:286
Stack trace:
#0 C:\xampp\htdocs\Yii Core\framework\web\CWebApplication.php(141): CWebApplication->runController('dist/js/images/...')
#1 C:\xampp\htdocs\Yii Core\framework\base\CApplication.php(180): CWebApplication->processRequest()
#2 C:\xampp\htdocs\tagEvent\index.php(13): CApplication->run()
#3 {main}
REQUEST_URI=/tagEvent/dist/js/images/marker-icon.png
HTTP_REFERER=http://localhost/tagEvent/event/
---
2013/11/23 18:59:49 [error] [exception.CHttpException.404] exception 'CHttpException' with message 'Unable to resolve the request "dist/js/images/marker-icon.png".' in C:\xampp\htdocs\Yii Core\framework\web\CWebApplication.php:286
Stack trace:
#0 C:\xampp\htdocs\Yii Core\framework\web\CWebApplication.php(141): CWebApplication->runController('dist/js/images/...')
#1 C:\xampp\htdocs\Yii Core\framework\base\CApplication.php(180): CWebApplication->processRequest()
#2 C:\xampp\htdocs\tagEvent\index.php(13): CApplication->run()
#3 {main}
REQUEST_URI=/tagEvent/dist/js/images/marker-icon.png
HTTP_REFERER=http://localhost/tagEvent/event/
---
2013/11/23 18:59:49 [error] [exception.CHttpException.404] exception 'CHttpException' with message 'Unable to resolve the request "dist/js/images/marker-shadow.png".' in C:\xampp\htdocs\Yii Core\framework\web\CWebApplication.php:286
Stack trace:
#0 C:\xampp\htdocs\Yii Core\framework\web\CWebApplication.php(141): CWebApplication->runController('dist/js/images/...')
#1 C:\xampp\htdocs\Yii Core\framework\base\CApplication.php(180): CWebApplication->processRequest()
#2 C:\xampp\htdocs\tagEvent\index.php(13): CApplication->run()
#3 {main}
REQUEST_URI=/tagEvent/dist/js/images/marker-shadow.png
HTTP_REFERER=http://localhost/tagEvent/event/
---
2013/11/23 18:59:53 [error] [exception.CHttpException.404] exception 'CHttpException' with message 'Unable to resolve the request "dist/js/jquery-1.10.1.min.map".' in C:\xampp\htdocs\Yii Core\framework\web\CWebApplication.php:286
Stack trace:
#0 C:\xampp\htdocs\Yii Core\framework\web\CWebApplication.php(141): CWebApplication->runController('dist/js/jquery-...')
#1 C:\xampp\htdocs\Yii Core\framework\base\CApplication.php(180): CWebApplication->processRequest()
#2 C:\xampp\htdocs\tagEvent\index.php(13): CApplication->run()
#3 {main}
REQUEST_URI=/tagEvent/dist/js/jquery-1.10.1.min.map
HTTP_REFERER=http://localhost/tagEvent/event/
---
2013/11/23 19:00:32 [error] [exception.CHttpException.404] exception 'CHttpException' with message 'Unable to resolve the request "dist/js/jquery-1.10.1.min.map".' in C:\xampp\htdocs\Yii Core\framework\web\CWebApplication.php:286
Stack trace:
#0 C:\xampp\htdocs\Yii Core\framework\web\CWebApplication.php(141): CWebApplication->runController('dist/js/jquery-...')
#1 C:\xampp\htdocs\Yii Core\framework\base\CApplication.php(180): CWebApplication->processRequest()
#2 C:\xampp\htdocs\tagEvent\index.php(13): CApplication->run()
#3 {main}
REQUEST_URI=/tagEvent/dist/js/jquery-1.10.1.min.map
HTTP_REFERER=http://localhost/tagEvent/event/
---
2013/11/23 19:04:43 [error] [exception.CHttpException.404] exception 'CHttpException' with message 'Unable to resolve the request "gii".' in C:\xampp\htdocs\Yii Core\framework\web\CWebApplication.php:286
Stack trace:
#0 C:\xampp\htdocs\Yii Core\framework\web\CWebApplication.php(141): CWebApplication->runController('gii')
#1 C:\xampp\htdocs\Yii Core\framework\base\CApplication.php(180): CWebApplication->processRequest()
#2 C:\xampp\htdocs\tagEvent\index.php(13): CApplication->run()
#3 {main}
REQUEST_URI=/tagEvent/index.php?r=gii
---
2013/11/23 19:04:51 [error] [exception.CHttpException.404] exception 'CHttpException' with message 'Unable to resolve the request "gii".' in C:\xampp\htdocs\Yii Core\framework\web\CWebApplication.php:286
Stack trace:
#0 C:\xampp\htdocs\Yii Core\framework\web\CWebApplication.php(141): CWebApplication->runController('gii')
#1 C:\xampp\htdocs\Yii Core\framework\base\CApplication.php(180): CWebApplication->processRequest()
#2 C:\xampp\htdocs\tagEvent\index.php(13): CApplication->run()
#3 {main}
REQUEST_URI=/tagEvent/site/index.php?r=gii
---
2013/11/23 19:04:57 [error] [exception.CHttpException.404] exception 'CHttpException' with message 'Unable to resolve the request "gii".' in C:\xampp\htdocs\Yii Core\framework\web\CWebApplication.php:286
Stack trace:
#0 C:\xampp\htdocs\Yii Core\framework\web\CWebApplication.php(141): CWebApplication->runController('gii')
#1 C:\xampp\htdocs\Yii Core\framework\base\CApplication.php(180): CWebApplication->processRequest()
#2 C:\xampp\htdocs\tagEvent\index.php(13): CApplication->run()
#3 {main}
REQUEST_URI=/tagEvent/index.php?r=gii
---
2013/11/23 19:15:04 [error] [system.db.CDbCommand] CDbCommand::fetchAll() failed: SQLSTATE[42000]: Syntax error or access violation: 1066 Not unique table/alias: 't1'. The SQL statement executed was: SELECT *
FROM `community_events` `t1`, `event_details` `t1`
WHERE t2.event_id = t1.id and t1.community_id=:id.
in C:\xampp\htdocs\tagEvent\protected\models\EventDetails.php (102)
in C:\xampp\htdocs\tagEvent\protected\controllers\EventController.php (5)
in C:\xampp\htdocs\tagEvent\index.php (13)
2013/11/23 19:15:04 [error] [exception.CDbException] exception 'CDbException' with message 'CDbCommand failed to execute the SQL statement: SQLSTATE[42000]: Syntax error or access violation: 1066 Not unique table/alias: 't1'. The SQL statement executed was: SELECT *
FROM `community_events` `t1`, `event_details` `t1`
WHERE t2.event_id = t1.id and t1.community_id=:id' in C:\xampp\htdocs\Yii Core\framework\db\CDbCommand.php:543
Stack trace:
#0 C:\xampp\htdocs\Yii Core\framework\db\CDbCommand.php(396): CDbCommand->queryInternal('fetchAll', Array, Array)
#1 C:\xampp\htdocs\tagEvent\protected\models\EventDetails.php(102): CDbCommand->queryAll()
#2 C:\xampp\htdocs\tagEvent\protected\controllers\EventController.php(5): EventDetails::getAllEvents(30)
#3 C:\xampp\htdocs\Yii Core\framework\web\actions\CInlineAction.php(49): EventController->actionIndex()
#4 C:\xampp\htdocs\Yii Core\framework\web\CController.php(308): CInlineAction->runWithParams(Array)
#5 C:\xampp\htdocs\Yii Core\framework\web\CController.php(286): CController->runAction(Object(CInlineAction))
#6 C:\xampp\htdocs\Yii Core\framework\web\CController.php(265): CController->runActionWithFilters(Object(CInlineAction), Array)
#7 C:\xampp\htdocs\Yii Core\framework\web\CWebApplication.php(282): CController->run('')
#8 C:\xampp\htdocs\Yii Core\framework\web\CWebApplication.php(141): CWebApplication->runController('event')
#9 C:\xampp\htdocs\Yii Core\framework\base\CApplication.php(180): CWebApplication->processRequest()
#10 C:\xampp\htdocs\tagEvent\index.php(13): CApplication->run()
#11 {main}
REQUEST_URI=/tagEvent/event/
---
2013/11/23 19:16:29 [error] [system.db.CDbCommand] CDbCommand::fetchAll() failed: SQLSTATE[42S22]: Column not found: 1054 Unknown column 't2.event_id' in 'where clause'. The SQL statement executed was: SELECT *
FROM `community_events` `t1`, `event_details` `t2`
WHERE t2.event_id = t1.id and t1.community_id=:id.
in C:\xampp\htdocs\tagEvent\protected\models\EventDetails.php (102)
in C:\xampp\htdocs\tagEvent\protected\controllers\EventController.php (5)
in C:\xampp\htdocs\tagEvent\index.php (13)
2013/11/23 19:16:29 [error] [exception.CDbException] exception 'CDbException' with message 'CDbCommand failed to execute the SQL statement: SQLSTATE[42S22]: Column not found: 1054 Unknown column 't2.event_id' in 'where clause'. The SQL statement executed was: SELECT *
FROM `community_events` `t1`, `event_details` `t2`
WHERE t2.event_id = t1.id and t1.community_id=:id' in C:\xampp\htdocs\Yii Core\framework\db\CDbCommand.php:543
Stack trace:
#0 C:\xampp\htdocs\Yii Core\framework\db\CDbCommand.php(396): CDbCommand->queryInternal('fetchAll', Array, Array)
#1 C:\xampp\htdocs\tagEvent\protected\models\EventDetails.php(102): CDbCommand->queryAll()
#2 C:\xampp\htdocs\tagEvent\protected\controllers\EventController.php(5): EventDetails::getAllEvents(30)
#3 C:\xampp\htdocs\Yii Core\framework\web\actions\CInlineAction.php(49): EventController->actionIndex()
#4 C:\xampp\htdocs\Yii Core\framework\web\CController.php(308): CInlineAction->runWithParams(Array)
#5 C:\xampp\htdocs\Yii Core\framework\web\CController.php(286): CController->runAction(Object(CInlineAction))
#6 C:\xampp\htdocs\Yii Core\framework\web\CController.php(265): CController->runActionWithFilters(Object(CInlineAction), Array)
#7 C:\xampp\htdocs\Yii Core\framework\web\CWebApplication.php(282): CController->run('')
#8 C:\xampp\htdocs\Yii Core\framework\web\CWebApplication.php(141): CWebApplication->runController('event')
#9 C:\xampp\htdocs\Yii Core\framework\base\CApplication.php(180): CWebApplication->processRequest()
#10 C:\xampp\htdocs\tagEvent\index.php(13): CApplication->run()
#11 {main}
REQUEST_URI=/tagEvent/event/
---
2013/11/23 19:28:33 [error] [exception.CHttpException.404] exception 'CHttpException' with message 'Unable to resolve the request "dist/js/jquery-1.10.1.min.map".' in C:\xampp\htdocs\Yii Core\framework\web\CWebApplication.php:286
Stack trace:
#0 C:\xampp\htdocs\Yii Core\framework\web\CWebApplication.php(141): CWebApplication->runController('dist/js/jquery-...')
#1 C:\xampp\htdocs\Yii Core\framework\base\CApplication.php(180): CWebApplication->processRequest()
#2 C:\xampp\htdocs\tagEvent\index.php(13): CApplication->run()
#3 {main}
REQUEST_URI=/tagEvent/dist/js/jquery-1.10.1.min.map
HTTP_REFERER=http://localhost/tagEvent/event/
---
2013/11/23 19:29:03 [error] [exception.CHttpException.404] exception 'CHttpException' with message 'Unable to resolve the request "dist/js/jquery-1.10.1.min.map".' in C:\xampp\htdocs\Yii Core\framework\web\CWebApplication.php:286
Stack trace:
#0 C:\xampp\htdocs\Yii Core\framework\web\CWebApplication.php(141): CWebApplication->runController('dist/js/jquery-...')
#1 C:\xampp\htdocs\Yii Core\framework\base\CApplication.php(180): CWebApplication->processRequest()
#2 C:\xampp\htdocs\tagEvent\index.php(13): CApplication->run()
#3 {main}
REQUEST_URI=/tagEvent/dist/js/jquery-1.10.1.min.map
HTTP_REFERER=http://localhost/tagEvent/event/
---
2013/11/23 19:29:44 [error] [exception.CHttpException.404] exception 'CHttpException' with message 'Unable to resolve the request "dist/js/jquery-1.10.1.min.map".' in C:\xampp\htdocs\Yii Core\framework\web\CWebApplication.php:286
Stack trace:
#0 C:\xampp\htdocs\Yii Core\framework\web\CWebApplication.php(141): CWebApplication->runController('dist/js/jquery-...')
#1 C:\xampp\htdocs\Yii Core\framework\base\CApplication.php(180): CWebApplication->processRequest()
#2 C:\xampp\htdocs\tagEvent\index.php(13): CApplication->run()
#3 {main}
REQUEST_URI=/tagEvent/dist/js/jquery-1.10.1.min.map
HTTP_REFERER=http://localhost/tagEvent/event/
---
2013/11/23 19:29:48 [error] [exception.CHttpException.404] exception 'CHttpException' with message 'Unable to resolve the request "dist/js/jquery-1.10.1.min.map".' in C:\xampp\htdocs\Yii Core\framework\web\CWebApplication.php:286
Stack trace:
#0 C:\xampp\htdocs\Yii Core\framework\web\CWebApplication.php(141): CWebApplication->runController('dist/js/jquery-...')
#1 C:\xampp\htdocs\Yii Core\framework\base\CApplication.php(180): CWebApplication->processRequest()
#2 C:\xampp\htdocs\tagEvent\index.php(13): CApplication->run()
#3 {main}
REQUEST_URI=/tagEvent/dist/js/jquery-1.10.1.min.map
HTTP_REFERER=http://localhost/tagEvent/event/
---
2013/11/23 19:30:09 [error] [exception.CHttpException.404] exception 'CHttpException' with message 'Unable to resolve the request "dist/js/jquery-1.10.1.min.map".' in C:\xampp\htdocs\Yii Core\framework\web\CWebApplication.php:286
Stack trace:
#0 C:\xampp\htdocs\Yii Core\framework\web\CWebApplication.php(141): CWebApplication->runController('dist/js/jquery-...')
#1 C:\xampp\htdocs\Yii Core\framework\base\CApplication.php(180): CWebApplication->processRequest()
#2 C:\xampp\htdocs\tagEvent\index.php(13): CApplication->run()
#3 {main}
REQUEST_URI=/tagEvent/dist/js/jquery-1.10.1.min.map
HTTP_REFERER=http://localhost/tagEvent/event/
---
2013/11/23 19:30:37 [error] [exception.CHttpException.404] exception 'CHttpException' with message 'Unable to resolve the request "dist/js/jquery-1.10.1.min.map".' in C:\xampp\htdocs\Yii Core\framework\web\CWebApplication.php:286
Stack trace:
#0 C:\xampp\htdocs\Yii Core\framework\web\CWebApplication.php(141): CWebApplication->runController('dist/js/jquery-...')
#1 C:\xampp\htdocs\Yii Core\framework\base\CApplication.php(180): CWebApplication->processRequest()
#2 C:\xampp\htdocs\tagEvent\index.php(13): CApplication->run()
#3 {main}
REQUEST_URI=/tagEvent/dist/js/jquery-1.10.1.min.map
HTTP_REFERER=http://localhost/tagEvent/event/
---
2013/11/23 19:37:40 [error] [php] Undefined index: langitude (C:\xampp\htdocs\tagEvent\protected\views\event\index.php:14)
Stack trace:
#0 C:\xampp\htdocs\Yii Core\framework\web\CController.php(869): EventController->renderFile()
#1 C:\xampp\htdocs\Yii Core\framework\web\CController.php(782): EventController->renderPartial()
#2 C:\xampp\htdocs\tagEvent\protected\controllers\EventController.php(6): EventController->render()
#3 C:\xampp\htdocs\Yii Core\framework\web\actions\CInlineAction.php(49): EventController->actionIndex()
#4 C:\xampp\htdocs\Yii Core\framework\web\CController.php(308): CInlineAction->runWithParams()
#5 C:\xampp\htdocs\Yii Core\framework\web\CController.php(286): EventController->runAction()
#6 C:\xampp\htdocs\Yii Core\framework\web\CController.php(265): EventController->runActionWithFilters()
#7 C:\xampp\htdocs\Yii Core\framework\web\CWebApplication.php(282): EventController->run()
#8 C:\xampp\htdocs\Yii Core\framework\web\CWebApplication.php(141): CWebApplication->runController()
#9 C:\xampp\htdocs\Yii Core\framework\base\CApplication.php(180): CWebApplication->processRequest()
#10 C:\xampp\htdocs\tagEvent\index.php(13): CWebApplication->run()
REQUEST_URI=/tagEvent/index.php/event/index
in C:\xampp\htdocs\tagEvent\protected\views\event\index.php (14)
in C:\xampp\htdocs\tagEvent\protected\controllers\EventController.php (6)
in C:\xampp\htdocs\tagEvent\index.php (13)
2013/11/23 19:38:39 [error] [exception.CHttpException.404] exception 'CHttpException' with message 'Unable to resolve the request "dist/js/jquery-1.10.1.min.map".' in C:\xampp\htdocs\Yii Core\framework\web\CWebApplication.php:286
Stack trace:
#0 C:\xampp\htdocs\Yii Core\framework\web\CWebApplication.php(141): CWebApplication->runController('dist/js/jquery-...')
#1 C:\xampp\htdocs\Yii Core\framework\base\CApplication.php(180): CWebApplication->processRequest()
#2 C:\xampp\htdocs\tagEvent\index.php(13): CApplication->run()
#3 {main}
REQUEST_URI=/tagEvent/dist/js/jquery-1.10.1.min.map
HTTP_REFERER=http://localhost/tagEvent/index.php/event/index
---
2013/11/23 19:39:40 [error] [exception.CHttpException.404] exception 'CHttpException' with message 'Unable to resolve the request "dist/js/jquery-1.10.1.min.map".' in C:\xampp\htdocs\Yii Core\framework\web\CWebApplication.php:286
Stack trace:
#0 C:\xampp\htdocs\Yii Core\framework\web\CWebApplication.php(141): CWebApplication->runController('dist/js/jquery-...')
#1 C:\xampp\htdocs\Yii Core\framework\base\CApplication.php(180): CWebApplication->processRequest()
#2 C:\xampp\htdocs\tagEvent\index.php(13): CApplication->run()
#3 {main}
REQUEST_URI=/tagEvent/dist/js/jquery-1.10.1.min.map
HTTP_REFERER=http://localhost/tagEvent/index.php/event/index
---
2013/11/23 19:40:13 [error] [exception.CHttpException.404] exception 'CHttpException' with message 'Unable to resolve the request "dist/js/jquery-1.10.1.min.map".' in C:\xampp\htdocs\Yii Core\framework\web\CWebApplication.php:286
Stack trace:
#0 C:\xampp\htdocs\Yii Core\framework\web\CWebApplication.php(141): CWebApplication->runController('dist/js/jquery-...')
#1 C:\xampp\htdocs\Yii Core\framework\base\CApplication.php(180): CWebApplication->processRequest()
#2 C:\xampp\htdocs\tagEvent\index.php(13): CApplication->run()
#3 {main}
REQUEST_URI=/tagEvent/dist/js/jquery-1.10.1.min.map
HTTP_REFERER=http://localhost/tagEvent/index.php/event/index
---
2013/11/23 19:41:02 [error] [exception.CHttpException.404] exception 'CHttpException' with message 'Unable to resolve the request "dist/js/jquery-1.10.1.min.map".' in C:\xampp\htdocs\Yii Core\framework\web\CWebApplication.php:286
Stack trace:
#0 C:\xampp\htdocs\Yii Core\framework\web\CWebApplication.php(141): CWebApplication->runController('dist/js/jquery-...')
#1 C:\xampp\htdocs\Yii Core\framework\base\CApplication.php(180): CWebApplication->processRequest()
#2 C:\xampp\htdocs\tagEvent\index.php(13): CApplication->run()
#3 {main}
REQUEST_URI=/tagEvent/dist/js/jquery-1.10.1.min.map
HTTP_REFERER=http://localhost/tagEvent/index.php/event/index
---
2013/11/23 19:43:17 [error] [exception.CHttpException.404] exception 'CHttpException' with message 'Unable to resolve the request "dist/js/jquery-1.10.1.min.map".' in C:\xampp\htdocs\Yii Core\framework\web\CWebApplication.php:286
Stack trace:
#0 C:\xampp\htdocs\Yii Core\framework\web\CWebApplication.php(141): CWebApplication->runController('dist/js/jquery-...')
#1 C:\xampp\htdocs\Yii Core\framework\base\CApplication.php(180): CWebApplication->processRequest()
#2 C:\xampp\htdocs\tagEvent\index.php(13): CApplication->run()
#3 {main}
REQUEST_URI=/tagEvent/dist/js/jquery-1.10.1.min.map
HTTP_REFERER=http://localhost/tagEvent/index.php/event/index
---
2013/11/23 19:47:42 [error] [exception.CHttpException.404] exception 'CHttpException' with message 'Unable to resolve the request "dist/js/jquery-1.10.1.min.map".' in C:\xampp\htdocs\Yii Core\framework\web\CWebApplication.php:286
Stack trace:
#0 C:\xampp\htdocs\Yii Core\framework\web\CWebApplication.php(141): CWebApplication->runController('dist/js/jquery-...')
#1 C:\xampp\htdocs\Yii Core\framework\base\CApplication.php(180): CWebApplication->processRequest()
#2 C:\xampp\htdocs\tagEvent\index.php(13): CApplication->run()
#3 {main}
REQUEST_URI=/tagEvent/dist/js/jquery-1.10.1.min.map
HTTP_REFERER=http://localhost/tagEvent/index.php/event/index
---
2013/11/23 19:48:23 [error] [exception.CHttpException.404] exception 'CHttpException' with message 'Unable to resolve the request "dist/js/jquery-1.10.1.min.map".' in C:\xampp\htdocs\Yii Core\framework\web\CWebApplication.php:286
Stack trace:
#0 C:\xampp\htdocs\Yii Core\framework\web\CWebApplication.php(141): CWebApplication->runController('dist/js/jquery-...')
#1 C:\xampp\htdocs\Yii Core\framework\base\CApplication.php(180): CWebApplication->processRequest()
#2 C:\xampp\htdocs\tagEvent\index.php(13): CApplication->run()
#3 {main}
REQUEST_URI=/tagEvent/dist/js/jquery-1.10.1.min.map
HTTP_REFERER=http://localhost/tagEvent/index.php/event/index
---
2013/11/23 19:48:37 [error] [exception.CHttpException.404] exception 'CHttpException' with message 'Unable to resolve the request "dist/js/jquery-1.10.1.min.map".' in C:\xampp\htdocs\Yii Core\framework\web\CWebApplication.php:286
Stack trace:
#0 C:\xampp\htdocs\Yii Core\framework\web\CWebApplication.php(141): CWebApplication->runController('dist/js/jquery-...')
#1 C:\xampp\htdocs\Yii Core\framework\base\CApplication.php(180): CWebApplication->processRequest()
#2 C:\xampp\htdocs\tagEvent\index.php(13): CApplication->run()
#3 {main}
REQUEST_URI=/tagEvent/dist/js/jquery-1.10.1.min.map
HTTP_REFERER=http://localhost/tagEvent/index.php/event/index
---
2013/11/23 19:49:29 [error] [exception.CHttpException.404] exception 'CHttpException' with message 'Unable to resolve the request "dist/js/jquery-1.10.1.min.map".' in C:\xampp\htdocs\Yii Core\framework\web\CWebApplication.php:286
Stack trace:
#0 C:\xampp\htdocs\Yii Core\framework\web\CWebApplication.php(141): CWebApplication->runController('dist/js/jquery-...')
#1 C:\xampp\htdocs\Yii Core\framework\base\CApplication.php(180): CWebApplication->processRequest()
#2 C:\xampp\htdocs\tagEvent\index.php(13): CApplication->run()
#3 {main}
REQUEST_URI=/tagEvent/dist/js/jquery-1.10.1.min.map
HTTP_REFERER=http://localhost/tagEvent/index.php/event/index
---
2013/11/23 19:49:38 [error] [exception.CHttpException.404] exception 'CHttpException' with message 'Unable to resolve the request "dist/js/jquery-1.10.1.min.map".' in C:\xampp\htdocs\Yii Core\framework\web\CWebApplication.php:286
Stack trace:
#0 C:\xampp\htdocs\Yii Core\framework\web\CWebApplication.php(141): CWebApplication->runController('dist/js/jquery-...')
#1 C:\xampp\htdocs\Yii Core\framework\base\CApplication.php(180): CWebApplication->processRequest()
#2 C:\xampp\htdocs\tagEvent\index.php(13): CApplication->run()
#3 {main}
REQUEST_URI=/tagEvent/dist/js/jquery-1.10.1.min.map
HTTP_REFERER=http://localhost/tagEvent/index.php/event/index
---
2013/11/23 19:49:49 [error] [exception.CHttpException.404] exception 'CHttpException' with message 'Unable to resolve the request "dist/js/jquery-1.10.1.min.map".' in C:\xampp\htdocs\Yii Core\framework\web\CWebApplication.php:286
Stack trace:
#0 C:\xampp\htdocs\Yii Core\framework\web\CWebApplication.php(141): CWebApplication->runController('dist/js/jquery-...')
#1 C:\xampp\htdocs\Yii Core\framework\base\CApplication.php(180): CWebApplication->processRequest()
#2 C:\xampp\htdocs\tagEvent\index.php(13): CApplication->run()
#3 {main}
REQUEST_URI=/tagEvent/dist/js/jquery-1.10.1.min.map
HTTP_REFERER=http://localhost/tagEvent/index.php/event/index
---
2013/11/23 19:49:51 [error] [exception.CHttpException.404] exception 'CHttpException' with message 'Unable to resolve the request "dist/js/jquery-1.10.1.min.map".' in C:\xampp\htdocs\Yii Core\framework\web\CWebApplication.php:286
Stack trace:
#0 C:\xampp\htdocs\Yii Core\framework\web\CWebApplication.php(141): CWebApplication->runController('dist/js/jquery-...')
#1 C:\xampp\htdocs\Yii Core\framework\base\CApplication.php(180): CWebApplication->processRequest()
#2 C:\xampp\htdocs\tagEvent\index.php(13): CApplication->run()
#3 {main}
REQUEST_URI=/tagEvent/dist/js/jquery-1.10.1.min.map
HTTP_REFERER=http://localhost/tagEvent/index.php/event/index
---
2013/11/23 19:49:52 [error] [exception.CHttpException.404] exception 'CHttpException' with message 'Unable to resolve the request "dist/js/jquery-1.10.1.min.map".' in C:\xampp\htdocs\Yii Core\framework\web\CWebApplication.php:286
Stack trace:
#0 C:\xampp\htdocs\Yii Core\framework\web\CWebApplication.php(141): CWebApplication->runController('dist/js/jquery-...')
#1 C:\xampp\htdocs\Yii Core\framework\base\CApplication.php(180): CWebApplication->processRequest()
#2 C:\xampp\htdocs\tagEvent\index.php(13): CApplication->run()
#3 {main}
REQUEST_URI=/tagEvent/dist/js/jquery-1.10.1.min.map
HTTP_REFERER=http://localhost/tagEvent/index.php/event/index
---
2013/11/23 20:06:43 [error] [exception.CHttpException.404] exception 'CHttpException' with message 'Unable to resolve the request "dist/js/jquery-1.10.1.min.map".' in C:\xampp\htdocs\Yii Core\framework\web\CWebApplication.php:286
Stack trace:
#0 C:\xampp\htdocs\Yii Core\framework\web\CWebApplication.php(141): CWebApplication->runController('dist/js/jquery-...')
#1 C:\xampp\htdocs\Yii Core\framework\base\CApplication.php(180): CWebApplication->processRequest()
#2 C:\xampp\htdocs\tagEvent\index.php(13): CApplication->run()
#3 {main}
REQUEST_URI=/tagEvent/dist/js/jquery-1.10.1.min.map
HTTP_REFERER=http://localhost/tagEvent/index.php/event/index
---
2013/11/23 20:06:53 [error] [exception.CHttpException.404] exception 'CHttpException' with message 'Unable to resolve the request "dist/js/jquery-1.10.1.min.map".' in C:\xampp\htdocs\Yii Core\framework\web\CWebApplication.php:286
Stack trace:
#0 C:\xampp\htdocs\Yii Core\framework\web\CWebApplication.php(141): CWebApplication->runController('dist/js/jquery-...')
#1 C:\xampp\htdocs\Yii Core\framework\base\CApplication.php(180): CWebApplication->processRequest()
#2 C:\xampp\htdocs\tagEvent\index.php(13): CApplication->run()
#3 {main}
REQUEST_URI=/tagEvent/dist/js/jquery-1.10.1.min.map
HTTP_REFERER=http://localhost/tagEvent/index.php/event/index
---
2013/11/23 20:07:12 [error] [exception.CHttpException.404] exception 'CHttpException' with message 'Unable to resolve the request "dist/js/jquery-1.10.1.min.map".' in C:\xampp\htdocs\Yii Core\framework\web\CWebApplication.php:286
Stack trace:
#0 C:\xampp\htdocs\Yii Core\framework\web\CWebApplication.php(141): CWebApplication->runController('dist/js/jquery-...')
#1 C:\xampp\htdocs\Yii Core\framework\base\CApplication.php(180): CWebApplication->processRequest()
#2 C:\xampp\htdocs\tagEvent\index.php(13): CApplication->run()
#3 {main}
REQUEST_URI=/tagEvent/dist/js/jquery-1.10.1.min.map
HTTP_REFERER=http://localhost/tagEvent/index.php/event/index
---
2013/11/23 20:07:54 [error] [exception.CHttpException.404] exception 'CHttpException' with message 'Unable to resolve the request "dist/js/jquery-1.10.1.min.map".' in C:\xampp\htdocs\Yii Core\framework\web\CWebApplication.php:286
Stack trace:
#0 C:\xampp\htdocs\Yii Core\framework\web\CWebApplication.php(141): CWebApplication->runController('dist/js/jquery-...')
#1 C:\xampp\htdocs\Yii Core\framework\base\CApplication.php(180): CWebApplication->processRequest()
#2 C:\xampp\htdocs\tagEvent\index.php(13): CApplication->run()
#3 {main}
REQUEST_URI=/tagEvent/dist/js/jquery-1.10.1.min.map
HTTP_REFERER=http://localhost/tagEvent/index.php/event/index
---
2013/11/23 20:08:17 [error] [exception.CHttpException.404] exception 'CHttpException' with message 'Unable to resolve the request "dist/js/jquery-1.10.1.min.map".' in C:\xampp\htdocs\Yii Core\framework\web\CWebApplication.php:286
Stack trace:
#0 C:\xampp\htdocs\Yii Core\framework\web\CWebApplication.php(141): CWebApplication->runController('dist/js/jquery-...')
#1 C:\xampp\htdocs\Yii Core\framework\base\CApplication.php(180): CWebApplication->processRequest()
#2 C:\xampp\htdocs\tagEvent\index.php(13): CApplication->run()
#3 {main}
REQUEST_URI=/tagEvent/dist/js/jquery-1.10.1.min.map
HTTP_REFERER=http://localhost/tagEvent/index.php/event/index
---
2013/11/23 20:08:34 [error] [exception.CHttpException.404] exception 'CHttpException' with message 'Unable to resolve the request "dist/js/jquery-1.10.1.min.map".' in C:\xampp\htdocs\Yii Core\framework\web\CWebApplication.php:286
Stack trace:
#0 C:\xampp\htdocs\Yii Core\framework\web\CWebApplication.php(141): CWebApplication->runController('dist/js/jquery-...')
#1 C:\xampp\htdocs\Yii Core\framework\base\CApplication.php(180): CWebApplication->processRequest()
#2 C:\xampp\htdocs\tagEvent\index.php(13): CApplication->run()
#3 {main}
REQUEST_URI=/tagEvent/dist/js/jquery-1.10.1.min.map
HTTP_REFERER=http://localhost/tagEvent/index.php/event/index
---
2013/11/23 20:08:51 [error] [exception.CHttpException.404] exception 'CHttpException' with message 'Unable to resolve the request "dist/js/jquery-1.10.1.min.map".' in C:\xampp\htdocs\Yii Core\framework\web\CWebApplication.php:286
Stack trace:
#0 C:\xampp\htdocs\Yii Core\framework\web\CWebApplication.php(141): CWebApplication->runController('dist/js/jquery-...')
#1 C:\xampp\htdocs\Yii Core\framework\base\CApplication.php(180): CWebApplication->processRequest()
#2 C:\xampp\htdocs\tagEvent\index.php(13): CApplication->run()
#3 {main}
REQUEST_URI=/tagEvent/dist/js/jquery-1.10.1.min.map
HTTP_REFERER=http://localhost/tagEvent/index.php/event/index
---
2013/11/23 20:09:03 [error] [exception.CHttpException.404] exception 'CHttpException' with message 'Unable to resolve the request "dist/js/jquery-1.10.1.min.map".' in C:\xampp\htdocs\Yii Core\framework\web\CWebApplication.php:286
Stack trace:
#0 C:\xampp\htdocs\Yii Core\framework\web\CWebApplication.php(141): CWebApplication->runController('dist/js/jquery-...')
#1 C:\xampp\htdocs\Yii Core\framework\base\CApplication.php(180): CWebApplication->processRequest()
#2 C:\xampp\htdocs\tagEvent\index.php(13): CApplication->run()
#3 {main}
REQUEST_URI=/tagEvent/dist/js/jquery-1.10.1.min.map
HTTP_REFERER=http://localhost/tagEvent/index.php/event/index
---
2013/11/23 20:09:09 [error] [exception.CHttpException.404] exception 'CHttpException' with message 'Unable to resolve the request "dist/js/jquery-1.10.1.min.map".' in C:\xampp\htdocs\Yii Core\framework\web\CWebApplication.php:286
Stack trace:
#0 C:\xampp\htdocs\Yii Core\framework\web\CWebApplication.php(141): CWebApplication->runController('dist/js/jquery-...')
#1 C:\xampp\htdocs\Yii Core\framework\base\CApplication.php(180): CWebApplication->processRequest()
#2 C:\xampp\htdocs\tagEvent\index.php(13): CApplication->run()
#3 {main}
REQUEST_URI=/tagEvent/dist/js/jquery-1.10.1.min.map
HTTP_REFERER=http://localhost/tagEvent/index.php/event/index
---
2013/11/23 20:09:15 [error] [exception.CHttpException.404] exception 'CHttpException' with message 'Unable to resolve the request "dist/js/jquery-1.10.1.min.map".' in C:\xampp\htdocs\Yii Core\framework\web\CWebApplication.php:286
Stack trace:
#0 C:\xampp\htdocs\Yii Core\framework\web\CWebApplication.php(141): CWebApplication->runController('dist/js/jquery-...')
#1 C:\xampp\htdocs\Yii Core\framework\base\CApplication.php(180): CWebApplication->processRequest()
#2 C:\xampp\htdocs\tagEvent\index.php(13): CApplication->run()
#3 {main}
REQUEST_URI=/tagEvent/dist/js/jquery-1.10.1.min.map
HTTP_REFERER=http://localhost/tagEvent/index.php/event/index
---
2013/11/23 20:09:30 [error] [php] Use of undefined constant result - assumed 'result' (C:\xampp\htdocs\tagEvent\protected\views\event\index.php:39)
Stack trace:
#0 C:\xampp\htdocs\Yii Core\framework\web\CController.php(869): EventController->renderFile()
#1 C:\xampp\htdocs\Yii Core\framework\web\CController.php(782): EventController->renderPartial()
#2 C:\xampp\htdocs\tagEvent\protected\controllers\EventController.php(15): EventController->render()
#3 C:\xampp\htdocs\Yii Core\framework\web\actions\CInlineAction.php(49): EventController->actionIndex()
#4 C:\xampp\htdocs\Yii Core\framework\web\CController.php(308): CInlineAction->runWithParams()
#5 C:\xampp\htdocs\Yii Core\framework\web\CController.php(286): EventController->runAction()
#6 C:\xampp\htdocs\Yii Core\framework\web\CController.php(265): EventController->runActionWithFilters()
#7 C:\xampp\htdocs\Yii Core\framework\web\CWebApplication.php(282): EventController->run()
#8 C:\xampp\htdocs\Yii Core\framework\web\CWebApplication.php(141): CWebApplication->runController()
#9 C:\xampp\htdocs\Yii Core\framework\base\CApplication.php(180): CWebApplication->processRequest()
#10 C:\xampp\htdocs\tagEvent\index.php(13): CWebApplication->run()
REQUEST_URI=/tagEvent/index.php/event/index
in C:\xampp\htdocs\tagEvent\protected\views\event\index.php (39)
in C:\xampp\htdocs\tagEvent\protected\controllers\EventController.php (15)
in C:\xampp\htdocs\tagEvent\index.php (13)
2013/11/23 20:09:39 [error] [php] Trying to get property of non-object (C:\xampp\htdocs\tagEvent\protected\views\event\index.php:39)
Stack trace:
#0 C:\xampp\htdocs\Yii Core\framework\web\CController.php(869): EventController->renderFile()
#1 C:\xampp\htdocs\Yii Core\framework\web\CController.php(782): EventController->renderPartial()
#2 C:\xampp\htdocs\tagEvent\protected\controllers\EventController.php(15): EventController->render()
#3 C:\xampp\htdocs\Yii Core\framework\web\actions\CInlineAction.php(49): EventController->actionIndex()
#4 C:\xampp\htdocs\Yii Core\framework\web\CController.php(308): CInlineAction->runWithParams()
#5 C:\xampp\htdocs\Yii Core\framework\web\CController.php(286): EventController->runAction()
#6 C:\xampp\htdocs\Yii Core\framework\web\CController.php(265): EventController->runActionWithFilters()
#7 C:\xampp\htdocs\Yii Core\framework\web\CWebApplication.php(282): EventController->run()
#8 C:\xampp\htdocs\Yii Core\framework\web\CWebApplication.php(141): CWebApplication->runController()
#9 C:\xampp\htdocs\Yii Core\framework\base\CApplication.php(180): CWebApplication->processRequest()
#10 C:\xampp\htdocs\tagEvent\index.php(13): CWebApplication->run()
REQUEST_URI=/tagEvent/index.php/event/index
in C:\xampp\htdocs\tagEvent\protected\views\event\index.php (39)
in C:\xampp\htdocs\tagEvent\protected\controllers\EventController.php (15)
in C:\xampp\htdocs\tagEvent\index.php (13)
2013/11/23 20:09:40 [error] [php] Trying to get property of non-object (C:\xampp\htdocs\tagEvent\protected\views\event\index.php:39)
Stack trace:
#0 C:\xampp\htdocs\Yii Core\framework\web\CController.php(869): EventController->renderFile()
#1 C:\xampp\htdocs\Yii Core\framework\web\CController.php(782): EventController->renderPartial()
#2 C:\xampp\htdocs\tagEvent\protected\controllers\EventController.php(15): EventController->render()
#3 C:\xampp\htdocs\Yii Core\framework\web\actions\CInlineAction.php(49): EventController->actionIndex()
#4 C:\xampp\htdocs\Yii Core\framework\web\CController.php(308): CInlineAction->runWithParams()
#5 C:\xampp\htdocs\Yii Core\framework\web\CController.php(286): EventController->runAction()
#6 C:\xampp\htdocs\Yii Core\framework\web\CController.php(265): EventController->runActionWithFilters()
#7 C:\xampp\htdocs\Yii Core\framework\web\CWebApplication.php(282): EventController->run()
#8 C:\xampp\htdocs\Yii Core\framework\web\CWebApplication.php(141): CWebApplication->runController()
#9 C:\xampp\htdocs\Yii Core\framework\base\CApplication.php(180): CWebApplication->processRequest()
#10 C:\xampp\htdocs\tagEvent\index.php(13): CWebApplication->run()
REQUEST_URI=/tagEvent/index.php/event/index
in C:\xampp\htdocs\tagEvent\protected\views\event\index.php (39)
in C:\xampp\htdocs\tagEvent\protected\controllers\EventController.php (15)
in C:\xampp\htdocs\tagEvent\index.php (13)
2013/11/23 20:09:47 [error] [php] Trying to get property of non-object (C:\xampp\htdocs\tagEvent\protected\views\event\index.php:39)
Stack trace:
#0 C:\xampp\htdocs\Yii Core\framework\web\CController.php(869): EventController->renderFile()
#1 C:\xampp\htdocs\Yii Core\framework\web\CController.php(782): EventController->renderPartial()
#2 C:\xampp\htdocs\tagEvent\protected\controllers\EventController.php(15): EventController->render()
#3 C:\xampp\htdocs\Yii Core\framework\web\actions\CInlineAction.php(49): EventController->actionIndex()
#4 C:\xampp\htdocs\Yii Core\framework\web\CController.php(308): CInlineAction->runWithParams()
#5 C:\xampp\htdocs\Yii Core\framework\web\CController.php(286): EventController->runAction()
#6 C:\xampp\htdocs\Yii Core\framework\web\CController.php(265): EventController->runActionWithFilters()
#7 C:\xampp\htdocs\Yii Core\framework\web\CWebApplication.php(282): EventController->run()
#8 C:\xampp\htdocs\Yii Core\framework\web\CWebApplication.php(141): CWebApplication->runController()
#9 C:\xampp\htdocs\Yii Core\framework\base\CApplication.php(180): CWebApplication->processRequest()
#10 C:\xampp\htdocs\tagEvent\index.php(13): CWebApplication->run()
REQUEST_URI=/tagEvent/index.php/event/index
in C:\xampp\htdocs\tagEvent\protected\views\event\index.php (39)
in C:\xampp\htdocs\tagEvent\protected\controllers\EventController.php (15)
in C:\xampp\htdocs\tagEvent\index.php (13)
2013/11/23 20:10:25 [error] [exception.CHttpException.404] exception 'CHttpException' with message 'Unable to resolve the request "dist/js/jquery-1.10.1.min.map".' in C:\xampp\htdocs\Yii Core\framework\web\CWebApplication.php:286
Stack trace:
#0 C:\xampp\htdocs\Yii Core\framework\web\CWebApplication.php(141): CWebApplication->runController('dist/js/jquery-...')
#1 C:\xampp\htdocs\Yii Core\framework\base\CApplication.php(180): CWebApplication->processRequest()
#2 C:\xampp\htdocs\tagEvent\index.php(13): CApplication->run()
#3 {main}
REQUEST_URI=/tagEvent/dist/js/jquery-1.10.1.min.map
HTTP_REFERER=http://localhost/tagEvent/index.php/event/index
---
2013/11/23 20:12:16 [error] [exception.CHttpException.404] exception 'CHttpException' with message 'Unable to resolve the request "dist/js/jquery-1.10.1.min.map".' in C:\xampp\htdocs\Yii Core\framework\web\CWebApplication.php:286
Stack trace:
#0 C:\xampp\htdocs\Yii Core\framework\web\CWebApplication.php(141): CWebApplication->runController('dist/js/jquery-...')
#1 C:\xampp\htdocs\Yii Core\framework\base\CApplication.php(180): CWebApplication->processRequest()
#2 C:\xampp\htdocs\tagEvent\index.php(13): CApplication->run()
#3 {main}
REQUEST_URI=/tagEvent/dist/js/jquery-1.10.1.min.map
HTTP_REFERER=http://localhost/tagEvent/index.php/event/index
---
2013/11/23 20:12:29 [error] [exception.CHttpException.404] exception 'CHttpException' with message 'Unable to resolve the request "dist/js/jquery-1.10.1.min.map".' in C:\xampp\htdocs\Yii Core\framework\web\CWebApplication.php:286
Stack trace:
#0 C:\xampp\htdocs\Yii Core\framework\web\CWebApplication.php(141): CWebApplication->runController('dist/js/jquery-...')
#1 C:\xampp\htdocs\Yii Core\framework\base\CApplication.php(180): CWebApplication->processRequest()
#2 C:\xampp\htdocs\tagEvent\index.php(13): CApplication->run()
#3 {main}
REQUEST_URI=/tagEvent/dist/js/jquery-1.10.1.min.map
HTTP_REFERER=http://localhost/tagEvent/index.php/event/index
---
2013/11/23 20:14:02 [error] [exception.CHttpException.404] exception 'CHttpException' with message 'Unable to resolve the request "dist/js/jquery-1.10.1.min.map".' in C:\xampp\htdocs\Yii Core\framework\web\CWebApplication.php:286
Stack trace:
#0 C:\xampp\htdocs\Yii Core\framework\web\CWebApplication.php(141): CWebApplication->runController('dist/js/jquery-...')
#1 C:\xampp\htdocs\Yii Core\framework\base\CApplication.php(180): CWebApplication->processRequest()
#2 C:\xampp\htdocs\tagEvent\index.php(13): CApplication->run()
#3 {main}
REQUEST_URI=/tagEvent/dist/js/jquery-1.10.1.min.map
HTTP_REFERER=http://localhost/tagEvent/index.php/event/index
---
2013/11/23 20:14:09 [error] [exception.CHttpException.404] exception 'CHttpException' with message 'The system is unable to find the requested action "view".' in C:\xampp\htdocs\Yii Core\framework\web\CController.php:483
Stack trace:
#0 C:\xampp\htdocs\Yii Core\framework\web\CController.php(270): CController->missingAction('view')
#1 C:\xampp\htdocs\Yii Core\framework\web\CWebApplication.php(282): CController->run('view')
#2 C:\xampp\htdocs\Yii Core\framework\web\CWebApplication.php(141): CWebApplication->runController('event/view')
#3 C:\xampp\htdocs\Yii Core\framework\base\CApplication.php(180): CWebApplication->processRequest()
#4 C:\xampp\htdocs\tagEvent\index.php(13): CApplication->run()
#5 {main}
REQUEST_URI=/tagEvent/index.php/event/4
HTTP_REFERER=http://localhost/tagEvent/index.php/event/index
---
2013/11/23 20:14:09 [error] [exception.CHttpException.404] exception 'CHttpException' with message 'Unable to resolve the request "dist/js/jquery-1.10.1.min.map".' in C:\xampp\htdocs\Yii Core\framework\web\CWebApplication.php:286
Stack trace:
#0 C:\xampp\htdocs\Yii Core\framework\web\CWebApplication.php(141): CWebApplication->runController('dist/js/jquery-...')
#1 C:\xampp\htdocs\Yii Core\framework\base\CApplication.php(180): CWebApplication->processRequest()
#2 C:\xampp\htdocs\tagEvent\index.php(13): CApplication->run()
#3 {main}
REQUEST_URI=/tagEvent/dist/js/jquery-1.10.1.min.map
HTTP_REFERER=http://localhost/tagEvent/index.php/event/4
---
2013/11/23 20:14:55 [error] [exception.CHttpException.404] exception 'CHttpException' with message 'Unable to resolve the request "dist/js/jquery-1.10.1.min.map".' in C:\xampp\htdocs\Yii Core\framework\web\CWebApplication.php:286
Stack trace:
#0 C:\xampp\htdocs\Yii Core\framework\web\CWebApplication.php(141): CWebApplication->runController('dist/js/jquery-...')
#1 C:\xampp\htdocs\Yii Core\framework\base\CApplication.php(180): CWebApplication->processRequest()
#2 C:\xampp\htdocs\tagEvent\index.php(13): CApplication->run()
#3 {main}
REQUEST_URI=/tagEvent/dist/js/jquery-1.10.1.min.map
HTTP_REFERER=http://localhost/tagEvent/index.php/event/index
---
2013/11/23 20:17:02 [error] [exception.CHttpException.404] exception 'CHttpException' with message 'Unable to resolve the request "dist/js/jquery-1.10.1.min.map".' in C:\xampp\htdocs\Yii Core\framework\web\CWebApplication.php:286
Stack trace:
#0 C:\xampp\htdocs\Yii Core\framework\web\CWebApplication.php(141): CWebApplication->runController('dist/js/jquery-...')
#1 C:\xampp\htdocs\Yii Core\framework\base\CApplication.php(180): CWebApplication->processRequest()
#2 C:\xampp\htdocs\tagEvent\index.php(13): CApplication->run()
#3 {main}
REQUEST_URI=/tagEvent/dist/js/jquery-1.10.1.min.map
HTTP_REFERER=http://localhost/tagEvent/index.php/event/index
---
2013/11/23 20:17:07 [error] [exception.CHttpException.404] exception 'CHttpException' with message 'The system is unable to find the requested action "view".' in C:\xampp\htdocs\Yii Core\framework\web\CController.php:483
Stack trace:
#0 C:\xampp\htdocs\Yii Core\framework\web\CController.php(270): CController->missingAction('view')
#1 C:\xampp\htdocs\Yii Core\framework\web\CWebApplication.php(282): CController->run('view')
#2 C:\xampp\htdocs\Yii Core\framework\web\CWebApplication.php(141): CWebApplication->runController('event/view')
#3 C:\xampp\htdocs\Yii Core\framework\base\CApplication.php(180): CWebApplication->processRequest()
#4 C:\xampp\htdocs\tagEvent\index.php(13): CApplication->run()
#5 {main}
REQUEST_URI=/tagEvent/index.php/event/5
HTTP_REFERER=http://localhost/tagEvent/index.php/event/index
---
2013/11/23 20:17:08 [error] [exception.CHttpException.404] exception 'CHttpException' with message 'Unable to resolve the request "dist/js/jquery-1.10.1.min.map".' in C:\xampp\htdocs\Yii Core\framework\web\CWebApplication.php:286
Stack trace:
#0 C:\xampp\htdocs\Yii Core\framework\web\CWebApplication.php(141): CWebApplication->runController('dist/js/jquery-...')
#1 C:\xampp\htdocs\Yii Core\framework\base\CApplication.php(180): CWebApplication->processRequest()
#2 C:\xampp\htdocs\tagEvent\index.php(13): CApplication->run()
#3 {main}
REQUEST_URI=/tagEvent/dist/js/jquery-1.10.1.min.map
HTTP_REFERER=http://localhost/tagEvent/index.php/event/5
---
2013/11/23 20:17:10 [error] [exception.CHttpException.404] exception 'CHttpException' with message 'Unable to resolve the request "dist/js/jquery-1.10.1.min.map".' in C:\xampp\htdocs\Yii Core\framework\web\CWebApplication.php:286
Stack trace:
#0 C:\xampp\htdocs\Yii Core\framework\web\CWebApplication.php(141): CWebApplication->runController('dist/js/jquery-...')
#1 C:\xampp\htdocs\Yii Core\framework\base\CApplication.php(180): CWebApplication->processRequest()
#2 C:\xampp\htdocs\tagEvent\index.php(13): CApplication->run()
#3 {main}
REQUEST_URI=/tagEvent/dist/js/jquery-1.10.1.min.map
HTTP_REFERER=http://localhost/tagEvent/index.php/event/index
---
2013/11/23 20:17:18 [error] [exception.CHttpException.404] exception 'CHttpException' with message 'The system is unable to find the requested action "view".' in C:\xampp\htdocs\Yii Core\framework\web\CController.php:483
Stack trace:
#0 C:\xampp\htdocs\Yii Core\framework\web\CController.php(270): CController->missingAction('view')
#1 C:\xampp\htdocs\Yii Core\framework\web\CWebApplication.php(282): CController->run('view')
#2 C:\xampp\htdocs\Yii Core\framework\web\CWebApplication.php(141): CWebApplication->runController('event/view')
#3 C:\xampp\htdocs\Yii Core\framework\base\CApplication.php(180): CWebApplication->processRequest()
#4 C:\xampp\htdocs\tagEvent\index.php(13): CApplication->run()
#5 {main}
REQUEST_URI=/tagEvent/index.php/event/5
HTTP_REFERER=http://localhost/tagEvent/index.php/event/index
---
2013/11/23 20:17:19 [error] [exception.CHttpException.404] exception 'CHttpException' with message 'Unable to resolve the request "dist/js/jquery-1.10.1.min.map".' in C:\xampp\htdocs\Yii Core\framework\web\CWebApplication.php:286
Stack trace:
#0 C:\xampp\htdocs\Yii Core\framework\web\CWebApplication.php(141): CWebApplication->runController('dist/js/jquery-...')
#1 C:\xampp\htdocs\Yii Core\framework\base\CApplication.php(180): CWebApplication->processRequest()
#2 C:\xampp\htdocs\tagEvent\index.php(13): CApplication->run()
#3 {main}
REQUEST_URI=/tagEvent/dist/js/jquery-1.10.1.min.map
HTTP_REFERER=http://localhost/tagEvent/index.php/event/5
---
2013/11/23 20:17:21 [error] [exception.CHttpException.404] exception 'CHttpException' with message 'Unable to resolve the request "dist/js/jquery-1.10.1.min.map".' in C:\xampp\htdocs\Yii Core\framework\web\CWebApplication.php:286
Stack trace:
#0 C:\xampp\htdocs\Yii Core\framework\web\CWebApplication.php(141): CWebApplication->runController('dist/js/jquery-...')
#1 C:\xampp\htdocs\Yii Core\framework\base\CApplication.php(180): CWebApplication->processRequest()
#2 C:\xampp\htdocs\tagEvent\index.php(13): CApplication->run()
#3 {main}
REQUEST_URI=/tagEvent/dist/js/jquery-1.10.1.min.map
HTTP_REFERER=http://localhost/tagEvent/index.php/event/index
---
2013/11/23 20:18:11 [error] [exception.CHttpException.404] exception 'CHttpException' with message 'Unable to resolve the request "dist/js/jquery-1.10.1.min.map".' in C:\xampp\htdocs\Yii Core\framework\web\CWebApplication.php:286
Stack trace:
#0 C:\xampp\htdocs\Yii Core\framework\web\CWebApplication.php(141): CWebApplication->runController('dist/js/jquery-...')
#1 C:\xampp\htdocs\Yii Core\framework\base\CApplication.php(180): CWebApplication->processRequest()
#2 C:\xampp\htdocs\tagEvent\index.php(13): CApplication->run()
#3 {main}
REQUEST_URI=/tagEvent/dist/js/jquery-1.10.1.min.map
HTTP_REFERER=http://localhost/tagEvent/index.php/event/index
---
2013/11/23 20:18:24 [error] [exception.CHttpException.404] exception 'CHttpException' with message 'Unable to resolve the request "dist/js/jquery-1.10.1.min.map".' in C:\xampp\htdocs\Yii Core\framework\web\CWebApplication.php:286
Stack trace:
#0 C:\xampp\htdocs\Yii Core\framework\web\CWebApplication.php(141): CWebApplication->runController('dist/js/jquery-...')
#1 C:\xampp\htdocs\Yii Core\framework\base\CApplication.php(180): CWebApplication->processRequest()
#2 C:\xampp\htdocs\tagEvent\index.php(13): CApplication->run()
#3 {main}
REQUEST_URI=/tagEvent/dist/js/jquery-1.10.1.min.map
HTTP_REFERER=http://localhost/tagEvent/index.php/event/index
---
2013/11/23 20:18:40 [error] [exception.CHttpException.404] exception 'CHttpException' with message 'Unable to resolve the request "dist/js/jquery-1.10.1.min.map".' in C:\xampp\htdocs\Yii Core\framework\web\CWebApplication.php:286
Stack trace:
#0 C:\xampp\htdocs\Yii Core\framework\web\CWebApplication.php(141): CWebApplication->runController('dist/js/jquery-...')
#1 C:\xampp\htdocs\Yii Core\framework\base\CApplication.php(180): CWebApplication->processRequest()
#2 C:\xampp\htdocs\tagEvent\index.php(13): CApplication->run()
#3 {main}
REQUEST_URI=/tagEvent/dist/js/jquery-1.10.1.min.map
HTTP_REFERER=http://localhost/tagEvent/index.php/event/index
---
2013/11/23 20:18:58 [error] [exception.CHttpException.404] exception 'CHttpException' with message 'Unable to resolve the request "dist/js/jquery-1.10.1.min.map".' in C:\xampp\htdocs\Yii Core\framework\web\CWebApplication.php:286
Stack trace:
#0 C:\xampp\htdocs\Yii Core\framework\web\CWebApplication.php(141): CWebApplication->runController('dist/js/jquery-...')
#1 C:\xampp\htdocs\Yii Core\framework\base\CApplication.php(180): CWebApplication->processRequest()
#2 C:\xampp\htdocs\tagEvent\index.php(13): CApplication->run()
#3 {main}
REQUEST_URI=/tagEvent/dist/js/jquery-1.10.1.min.map
HTTP_REFERER=http://localhost/tagEvent/index.php/event/index
---
2013/11/23 20:19:10 [error] [exception.CHttpException.404] exception 'CHttpException' with message 'Unable to resolve the request "dist/js/jquery-1.10.1.min.map".' in C:\xampp\htdocs\Yii Core\framework\web\CWebApplication.php:286
Stack trace:
#0 C:\xampp\htdocs\Yii Core\framework\web\CWebApplication.php(141): CWebApplication->runController('dist/js/jquery-...')
#1 C:\xampp\htdocs\Yii Core\framework\base\CApplication.php(180): CWebApplication->processRequest()
#2 C:\xampp\htdocs\tagEvent\index.php(13): CApplication->run()
#3 {main}
REQUEST_URI=/tagEvent/dist/js/jquery-1.10.1.min.map
HTTP_REFERER=http://localhost/tagEvent/index.php/event/index
---
2013/11/23 20:19:17 [error] [exception.CHttpException.404] exception 'CHttpException' with message 'Unable to resolve the request "dist/js/jquery-1.10.1.min.map".' in C:\xampp\htdocs\Yii Core\framework\web\CWebApplication.php:286
Stack trace:
#0 C:\xampp\htdocs\Yii Core\framework\web\CWebApplication.php(141): CWebApplication->runController('dist/js/jquery-...')
#1 C:\xampp\htdocs\Yii Core\framework\base\CApplication.php(180): CWebApplication->processRequest()
#2 C:\xampp\htdocs\tagEvent\index.php(13): CApplication->run()
#3 {main}
REQUEST_URI=/tagEvent/dist/js/jquery-1.10.1.min.map
HTTP_REFERER=http://localhost/tagEvent/index.php/event/index
---
2013/11/23 20:19:22 [error] [exception.CHttpException.404] exception 'CHttpException' with message 'Unable to resolve the request "dist/js/jquery-1.10.1.min.map".' in C:\xampp\htdocs\Yii Core\framework\web\CWebApplication.php:286
Stack trace:
#0 C:\xampp\htdocs\Yii Core\framework\web\CWebApplication.php(141): CWebApplication->runController('dist/js/jquery-...')
#1 C:\xampp\htdocs\Yii Core\framework\base\CApplication.php(180): CWebApplication->processRequest()
#2 C:\xampp\htdocs\tagEvent\index.php(13): CApplication->run()
#3 {main}
REQUEST_URI=/tagEvent/dist/js/jquery-1.10.1.min.map
HTTP_REFERER=http://localhost/tagEvent/index.php/event/index
---
2013/11/23 20:19:26 [error] [exception.CHttpException.404] exception 'CHttpException' with message 'Unable to resolve the request "dist/js/jquery-1.10.1.min.map".' in C:\xampp\htdocs\Yii Core\framework\web\CWebApplication.php:286
Stack trace:
#0 C:\xampp\htdocs\Yii Core\framework\web\CWebApplication.php(141): CWebApplication->runController('dist/js/jquery-...')
#1 C:\xampp\htdocs\Yii Core\framework\base\CApplication.php(180): CWebApplication->processRequest()
#2 C:\xampp\htdocs\tagEvent\index.php(13): CApplication->run()
#3 {main}
REQUEST_URI=/tagEvent/dist/js/jquery-1.10.1.min.map
HTTP_REFERER=http://localhost/tagEvent/index.php/event/index
---
2013/11/23 20:19:34 [error] [exception.CHttpException.404] exception 'CHttpException' with message 'Unable to resolve the request "dist/js/jquery-1.10.1.min.map".' in C:\xampp\htdocs\Yii Core\framework\web\CWebApplication.php:286
Stack trace:
#0 C:\xampp\htdocs\Yii Core\framework\web\CWebApplication.php(141): CWebApplication->runController('dist/js/jquery-...')
#1 C:\xampp\htdocs\Yii Core\framework\base\CApplication.php(180): CWebApplication->processRequest()
#2 C:\xampp\htdocs\tagEvent\index.php(13): CApplication->run()
#3 {main}
REQUEST_URI=/tagEvent/dist/js/jquery-1.10.1.min.map
HTTP_REFERER=http://localhost/tagEvent/index.php/event/index
---
2013/11/23 20:19:43 [error] [exception.CHttpException.404] exception 'CHttpException' with message 'Unable to resolve the request "dist/js/jquery-1.10.1.min.map".' in C:\xampp\htdocs\Yii Core\framework\web\CWebApplication.php:286
Stack trace:
#0 C:\xampp\htdocs\Yii Core\framework\web\CWebApplication.php(141): CWebApplication->runController('dist/js/jquery-...')
#1 C:\xampp\htdocs\Yii Core\framework\base\CApplication.php(180): CWebApplication->processRequest()
#2 C:\xampp\htdocs\tagEvent\index.php(13): CApplication->run()
#3 {main}
REQUEST_URI=/tagEvent/dist/js/jquery-1.10.1.min.map
HTTP_REFERER=http://localhost/tagEvent/index.php/event/index
---
2013/11/23 21:31:53 [error] [exception.CHttpException.404] exception 'CHttpException' with message 'Unable to resolve the request "dist/js/jquery-1.10.1.min.map".' in C:\xampp\htdocs\Yii Core\framework\web\CWebApplication.php:286
Stack trace:
#0 C:\xampp\htdocs\Yii Core\framework\web\CWebApplication.php(141): CWebApplication->runController('dist/js/jquery-...')
#1 C:\xampp\htdocs\Yii Core\framework\base\CApplication.php(180): CWebApplication->processRequest()
#2 C:\xampp\htdocs\tagEvent\index.php(13): CApplication->run()
#3 {main}
REQUEST_URI=/tagEvent/dist/js/jquery-1.10.1.min.map
HTTP_REFERER=http://localhost/tagEvent/index.php/event/3
---
2013/11/23 21:44:00 [error] [php] Undefined index: event_details (C:\xampp\htdocs\tagEvent\protected\views\event\view.php:9)
Stack trace:
#0 C:\xampp\htdocs\Yii Core\framework\web\CController.php(869): EventController->renderFile()
#1 C:\xampp\htdocs\Yii Core\framework\web\CController.php(782): EventController->renderPartial()
#2 C:\xampp\htdocs\tagEvent\protected\controllers\EventController.php(39): EventController->render()
#3 unknown(0): EventController->actionView()
#4 C:\xampp\htdocs\Yii Core\framework\web\actions\CAction.php(108): ReflectionMethod->invokeArgs()
#5 C:\xampp\htdocs\Yii Core\framework\web\actions\CInlineAction.php(47): CInlineAction->runWithParamsInternal()
#6 C:\xampp\htdocs\Yii Core\framework\web\CController.php(308): CInlineAction->runWithParams()
#7 C:\xampp\htdocs\Yii Core\framework\web\CController.php(286): EventController->runAction()
#8 C:\xampp\htdocs\Yii Core\framework\web\CController.php(265): EventController->runActionWithFilters()
#9 C:\xampp\htdocs\Yii Core\framework\web\CWebApplication.php(282): EventController->run()
#10 C:\xampp\htdocs\Yii Core\framework\web\CWebApplication.php(141): CWebApplication->runController()
#11 C:\xampp\htdocs\Yii Core\framework\base\CApplication.php(180): CWebApplication->processRequest()
#12 C:\xampp\htdocs\tagEvent\index.php(13): CWebApplication->run()
REQUEST_URI=/tagEvent/index.php/event/3
in C:\xampp\htdocs\tagEvent\protected\views\event\view.php (9)
in C:\xampp\htdocs\tagEvent\protected\controllers\EventController.php (39)
in C:\xampp\htdocs\tagEvent\index.php (13)
2013/11/23 21:44:17 [error] [php] Undefined index: event_detail (C:\xampp\htdocs\tagEvent\protected\views\event\view.php:9)
Stack trace:
#0 C:\xampp\htdocs\Yii Core\framework\web\CController.php(869): EventController->renderFile()
#1 C:\xampp\htdocs\Yii Core\framework\web\CController.php(782): EventController->renderPartial()
#2 C:\xampp\htdocs\tagEvent\protected\controllers\EventController.php(39): EventController->render()
#3 unknown(0): EventController->actionView()
#4 C:\xampp\htdocs\Yii Core\framework\web\actions\CAction.php(108): ReflectionMethod->invokeArgs()
#5 C:\xampp\htdocs\Yii Core\framework\web\actions\CInlineAction.php(47): CInlineAction->runWithParamsInternal()
#6 C:\xampp\htdocs\Yii Core\framework\web\CController.php(308): CInlineAction->runWithParams()
#7 C:\xampp\htdocs\Yii Core\framework\web\CController.php(286): EventController->runAction()
#8 C:\xampp\htdocs\Yii Core\framework\web\CController.php(265): EventController->runActionWithFilters()
#9 C:\xampp\htdocs\Yii Core\framework\web\CWebApplication.php(282): EventController->run()
#10 C:\xampp\htdocs\Yii Core\framework\web\CWebApplication.php(141): CWebApplication->runController()
#11 C:\xampp\htdocs\Yii Core\framework\base\CApplication.php(180): CWebApplication->processRequest()
#12 C:\xampp\htdocs\tagEvent\index.php(13): CWebApplication->run()
REQUEST_URI=/tagEvent/index.php/event/3
in C:\xampp\htdocs\tagEvent\protected\views\event\view.php (9)
in C:\xampp\htdocs\tagEvent\protected\controllers\EventController.php (39)
in C:\xampp\htdocs\tagEvent\index.php (13)
2013/11/23 21:44:31 [error] [php] Trying to get property of non-object (C:\xampp\htdocs\tagEvent\protected\views\event\view.php:9)
Stack trace:
#0 C:\xampp\htdocs\Yii Core\framework\web\CController.php(869): EventController->renderFile()
#1 C:\xampp\htdocs\Yii Core\framework\web\CController.php(782): EventController->renderPartial()
#2 C:\xampp\htdocs\tagEvent\protected\controllers\EventController.php(39): EventController->render()
#3 unknown(0): EventController->actionView()
#4 C:\xampp\htdocs\Yii Core\framework\web\actions\CAction.php(108): ReflectionMethod->invokeArgs()
#5 C:\xampp\htdocs\Yii Core\framework\web\actions\CInlineAction.php(47): CInlineAction->runWithParamsInternal()
#6 C:\xampp\htdocs\Yii Core\framework\web\CController.php(308): CInlineAction->runWithParams()
#7 C:\xampp\htdocs\Yii Core\framework\web\CController.php(286): EventController->runAction()
#8 C:\xampp\htdocs\Yii Core\framework\web\CController.php(265): EventController->runActionWithFilters()
#9 C:\xampp\htdocs\Yii Core\framework\web\CWebApplication.php(282): EventController->run()
#10 C:\xampp\htdocs\Yii Core\framework\web\CWebApplication.php(141): CWebApplication->runController()
#11 C:\xampp\htdocs\Yii Core\framework\base\CApplication.php(180): CWebApplication->processRequest()
#12 C:\xampp\htdocs\tagEvent\index.php(13): CWebApplication->run()
REQUEST_URI=/tagEvent/index.php/event/3
in C:\xampp\htdocs\tagEvent\protected\views\event\view.php (9)
in C:\xampp\htdocs\tagEvent\protected\controllers\EventController.php (39)
in C:\xampp\htdocs\tagEvent\index.php (13)
2013/11/23 21:52:48 [error] [exception.CHttpException.404] exception 'CHttpException' with message 'Unable to resolve the request "dist/css/css.css".' in C:\xampp\htdocs\Yii Core\framework\web\CWebApplication.php:286
Stack trace:
#0 C:\xampp\htdocs\Yii Core\framework\web\CWebApplication.php(141): CWebApplication->runController('dist/css/css.cs...')
#1 C:\xampp\htdocs\Yii Core\framework\base\CApplication.php(180): CWebApplication->processRequest()
#2 C:\xampp\htdocs\tagEvent\index.php(13): CApplication->run()
#3 {main}
REQUEST_URI=/tagEvent/dist/css/css.css
HTTP_REFERER=http://localhost/tagEvent/index.php/event/3
---
2013/11/23 21:53:04 [error] [exception.CHttpException.404] exception 'CHttpException' with message 'Unable to resolve the request "dist/css/css.css".' in C:\xampp\htdocs\Yii Core\framework\web\CWebApplication.php:286
Stack trace:
#0 C:\xampp\htdocs\Yii Core\framework\web\CWebApplication.php(141): CWebApplication->runController('dist/css/css.cs...')
#1 C:\xampp\htdocs\Yii Core\framework\base\CApplication.php(180): CWebApplication->processRequest()
#2 C:\xampp\htdocs\tagEvent\index.php(13): CApplication->run()
#3 {main}
REQUEST_URI=/tagEvent/dist/css/css.css
HTTP_REFERER=http://localhost/tagEvent/index.php/event/3
---
2013/11/23 21:53:18 [error] [exception.CHttpException.404] exception 'CHttpException' with message 'Unable to resolve the request "dist/css/css.css".' in C:\xampp\htdocs\Yii Core\framework\web\CWebApplication.php:286
Stack trace:
#0 C:\xampp\htdocs\Yii Core\framework\web\CWebApplication.php(141): CWebApplication->runController('dist/css/css.cs...')
#1 C:\xampp\htdocs\Yii Core\framework\base\CApplication.php(180): CWebApplication->processRequest()
#2 C:\xampp\htdocs\tagEvent\index.php(13): CApplication->run()
#3 {main}
REQUEST_URI=/tagEvent/dist/css/css.css
HTTP_REFERER=http://localhost/tagEvent/index.php/event/3
---
2013/11/23 21:53:28 [error] [exception.CHttpException.404] exception 'CHttpException' with message 'Unable to resolve the request "dist/css/css.css".' in C:\xampp\htdocs\Yii Core\framework\web\CWebApplication.php:286
Stack trace:
#0 C:\xampp\htdocs\Yii Core\framework\web\CWebApplication.php(141): CWebApplication->runController('dist/css/css.cs...')
#1 C:\xampp\htdocs\Yii Core\framework\base\CApplication.php(180): CWebApplication->processRequest()
#2 C:\xampp\htdocs\tagEvent\index.php(13): CApplication->run()
#3 {main}
REQUEST_URI=/tagEvent/dist/css/css.css
HTTP_REFERER=http://localhost/tagEvent/index.php/event/3
---
2013/11/23 21:53:54 [error] [exception.CHttpException.404] exception 'CHttpException' with message 'Unable to resolve the request "dist/js/jquery-1.10.1.min.map".' in C:\xampp\htdocs\Yii Core\framework\web\CWebApplication.php:286
Stack trace:
#0 C:\xampp\htdocs\Yii Core\framework\web\CWebApplication.php(141): CWebApplication->runController('dist/js/jquery-...')
#1 C:\xampp\htdocs\Yii Core\framework\base\CApplication.php(180): CWebApplication->processRequest()
#2 C:\xampp\htdocs\tagEvent\index.php(13): CApplication->run()
#3 {main}
REQUEST_URI=/tagEvent/dist/js/jquery-1.10.1.min.map
HTTP_REFERER=http://localhost/tagEvent/index.php/event/3
---
2013/11/23 22:32:55 [error] [exception.CHttpException.404] exception 'CHttpException' with message 'Unable to resolve the request "dist/js/jquery-1.10.1.min.map".' in C:\xampp\htdocs\Yii Core\framework\web\CWebApplication.php:286
Stack trace:
#0 C:\xampp\htdocs\Yii Core\framework\web\CWebApplication.php(141): CWebApplication->runController('dist/js/jquery-...')
#1 C:\xampp\htdocs\Yii Core\framework\base\CApplication.php(180): CWebApplication->processRequest()
#2 C:\xampp\htdocs\tagEvent\index.php(13): CApplication->run()
#3 {main}
REQUEST_URI=/tagEvent/dist/js/jquery-1.10.1.min.map
HTTP_REFERER=http://localhost/tagEvent/index.php/event/7
---
2013/11/23 23:05:51 [error] [php] Use of undefined constant communityId - assumed 'communityId' (C:\xampp\htdocs\tagEvent\protected\controllers\EventController.php:54)
Stack trace:
#0 C:\xampp\htdocs\Yii Core\framework\web\CController.php(286): EventController->runAction()
#1 C:\xampp\htdocs\Yii Core\framework\web\CController.php(265): EventController->runActionWithFilters()
#2 C:\xampp\htdocs\Yii Core\framework\web\CWebApplication.php(282): EventController->run()
#3 C:\xampp\htdocs\Yii Core\framework\web\CWebApplication.php(141): CWebApplication->runController()
#4 C:\xampp\htdocs\Yii Core\framework\base\CApplication.php(180): CWebApplication->processRequest()
#5 C:\xampp\htdocs\tagEvent\index.php(13): CWebApplication->run()
REQUEST_URI=/tagEvent/index.php/event/attend
in C:\xampp\htdocs\tagEvent\protected\controllers\EventController.php (54)
in C:\xampp\htdocs\tagEvent\index.php (13)
2013/11/23 23:27:44 [error] [system.db.CDbCommand] CDbCommand::fetch() failed: SQLSTATE[HY093]: Invalid parameter number: parameter was not defined. The SQL statement executed was: SELECT *
FROM `community_events` `t1`, `community_attending` `t2`
WHERE t1.event_id = t2.event_id and t1.event_id=:eventId and t2.id=:userId.
in C:\xampp\htdocs\tagEvent\protected\models\EventDetails.php (122)
in C:\xampp\htdocs\tagEvent\protected\controllers\EventController.php (37)
in C:\xampp\htdocs\tagEvent\index.php (13)
2013/11/23 23:27:44 [error] [exception.CDbException] exception 'CDbException' with message 'CDbCommand failed to execute the SQL statement: SQLSTATE[HY093]: Invalid parameter number: parameter was not defined. The SQL statement executed was: SELECT *
FROM `community_events` `t1`, `community_attending` `t2`
WHERE t1.event_id = t2.event_id and t1.event_id=:eventId and t2.id=:userId' in C:\xampp\htdocs\Yii Core\framework\db\CDbCommand.php:543
Stack trace:
#0 C:\xampp\htdocs\Yii Core\framework\db\CDbCommand.php(415): CDbCommand->queryInternal('fetch', Array, Array)
#1 C:\xampp\htdocs\tagEvent\protected\models\EventDetails.php(122): CDbCommand->queryRow()
#2 C:\xampp\htdocs\tagEvent\protected\controllers\EventController.php(37): EventDetails::isUserAttends(1, '3')
#3 [internal function]: EventController->actionView('3')
#4 C:\xampp\htdocs\Yii Core\framework\web\actions\CAction.php(108): ReflectionMethod->invokeArgs(Object(EventController), Array)
#5 C:\xampp\htdocs\Yii Core\framework\web\actions\CInlineAction.php(47): CAction->runWithParamsInternal(Object(EventController), Object(ReflectionMethod), Array)
#6 C:\xampp\htdocs\Yii Core\framework\web\CController.php(308): CInlineAction->runWithParams(Array)
#7 C:\xampp\htdocs\Yii Core\framework\web\CController.php(286): CController->runAction(Object(CInlineAction))
#8 C:\xampp\htdocs\Yii Core\framework\web\CController.php(265): CController->runActionWithFilters(Object(CInlineAction), Array)
#9 C:\xampp\htdocs\Yii Core\framework\web\CWebApplication.php(282): CController->run('view')
#10 C:\xampp\htdocs\Yii Core\framework\web\CWebApplication.php(141): CWebApplication->runController('event/view')
#11 C:\xampp\htdocs\Yii Core\framework\base\CApplication.php(180): CWebApplication->processRequest()
#12 C:\xampp\htdocs\tagEvent\index.php(13): CApplication->run()
#13 {main}
REQUEST_URI=/tagEvent/index.php/event/view/3
---
2013/11/23 23:28:22 [error] [php] Undefined variable: userId (C:\xampp\htdocs\tagEvent\protected\models\EventDetails.php:121)
Stack trace:
#0 C:\xampp\htdocs\Yii Core\framework\web\actions\CAction.php(108): ReflectionMethod->invokeArgs()
#1 C:\xampp\htdocs\Yii Core\framework\web\actions\CInlineAction.php(47): CInlineAction->runWithParamsInternal()
#2 C:\xampp\htdocs\Yii Core\framework\web\CController.php(308): CInlineAction->runWithParams()
#3 C:\xampp\htdocs\Yii Core\framework\web\CController.php(286): EventController->runAction()
#4 C:\xampp\htdocs\Yii Core\framework\web\CController.php(265): EventController->runActionWithFilters()
#5 C:\xampp\htdocs\Yii Core\framework\web\CWebApplication.php(282): EventController->run()
#6 C:\xampp\htdocs\Yii Core\framework\web\CWebApplication.php(141): CWebApplication->runController()
#7 C:\xampp\htdocs\Yii Core\framework\base\CApplication.php(180): CWebApplication->processRequest()
#8 C:\xampp\htdocs\tagEvent\index.php(13): CWebApplication->run()
REQUEST_URI=/tagEvent/index.php/event/view/3
in C:\xampp\htdocs\tagEvent\protected\models\EventDetails.php (121)
in C:\xampp\htdocs\tagEvent\protected\controllers\EventController.php (37)
in C:\xampp\htdocs\tagEvent\index.php (13)
2013/11/23 23:28:33 [error] [system.db.CDbCommand] CDbCommand::fetch() failed: SQLSTATE[HY093]: Invalid parameter number: parameter was not defined. The SQL statement executed was: SELECT *
FROM `community_events` `t1`, `community_attending` `t2`
WHERE t1.event_id = t2.event_id and t1.event_id=:eventId and t2.id=:userId.
in C:\xampp\htdocs\tagEvent\protected\models\EventDetails.php (122)
in C:\xampp\htdocs\tagEvent\protected\controllers\EventController.php (37)
in C:\xampp\htdocs\tagEvent\index.php (13)
2013/11/23 23:28:33 [error] [exception.CDbException] exception 'CDbException' with message 'CDbCommand failed to execute the SQL statement: SQLSTATE[HY093]: Invalid parameter number: parameter was not defined. The SQL statement executed was: SELECT *
FROM `community_events` `t1`, `community_attending` `t2`
WHERE t1.event_id = t2.event_id and t1.event_id=:eventId and t2.id=:userId' in C:\xampp\htdocs\Yii Core\framework\db\CDbCommand.php:543
Stack trace:
#0 C:\xampp\htdocs\Yii Core\framework\db\CDbCommand.php(415): CDbCommand->queryInternal('fetch', Array, Array)
#1 C:\xampp\htdocs\tagEvent\protected\models\EventDetails.php(122): CDbCommand->queryRow()
#2 C:\xampp\htdocs\tagEvent\protected\controllers\EventController.php(37): EventDetails::isUserAttends(1, '3')
#3 [internal function]: EventController->actionView('3')
#4 C:\xampp\htdocs\Yii Core\framework\web\actions\CAction.php(108): ReflectionMethod->invokeArgs(Object(EventController), Array)
#5 C:\xampp\htdocs\Yii Core\framework\web\actions\CInlineAction.php(47): CAction->runWithParamsInternal(Object(EventController), Object(ReflectionMethod), Array)
#6 C:\xampp\htdocs\Yii Core\framework\web\CController.php(308): CInlineAction->runWithParams(Array)
#7 C:\xampp\htdocs\Yii Core\framework\web\CController.php(286): CController->runAction(Object(CInlineAction))
#8 C:\xampp\htdocs\Yii Core\framework\web\CController.php(265): CController->runActionWithFilters(Object(CInlineAction), Array)
#9 C:\xampp\htdocs\Yii Core\framework\web\CWebApplication.php(282): CController->run('view')
#10 C:\xampp\htdocs\Yii Core\framework\web\CWebApplication.php(141): CWebApplication->runController('event/view')
#11 C:\xampp\htdocs\Yii Core\framework\base\CApplication.php(180): CWebApplication->processRequest()
#12 C:\xampp\htdocs\tagEvent\index.php(13): CApplication->run()
#13 {main}
REQUEST_URI=/tagEvent/index.php/event/view/3
---
2013/11/24 20:02:32 [error] [exception.CHttpException.404] exception 'CHttpException' with message 'Unable to resolve the request "dist/js/jquery-1.10.1.min.map".' in C:\xampp\htdocs\Yii Core\framework\web\CWebApplication.php:286
Stack trace:
#0 C:\xampp\htdocs\Yii Core\framework\web\CWebApplication.php(141): CWebApplication->runController('dist/js/jquery-...')
#1 C:\xampp\htdocs\Yii Core\framework\base\CApplication.php(180): CWebApplication->processRequest()
#2 C:\xampp\htdocs\tagEvent\index.php(13): CApplication->run()
#3 {main}
REQUEST_URI=/tagEvent/dist/js/jquery-1.10.1.min.map
HTTP_REFERER=http://localhost/tagEvent/index.php/event/3
---
2013/11/24 20:17:47 [error] [php] Undefined variable: qrcode (C:\xampp\htdocs\tagEvent\protected\views\event\view.php:95)
Stack trace:
#0 C:\xampp\htdocs\Yii Core\framework\web\CController.php(869): EventController->renderFile()
#1 C:\xampp\htdocs\Yii Core\framework\web\CController.php(782): EventController->renderPartial()
#2 C:\xampp\htdocs\tagEvent\protected\controllers\EventController.php(41): EventController->render()
#3 unknown(0): EventController->actionView()
#4 C:\xampp\htdocs\Yii Core\framework\web\actions\CAction.php(108): ReflectionMethod->invokeArgs()
#5 C:\xampp\htdocs\Yii Core\framework\web\actions\CInlineAction.php(47): CInlineAction->runWithParamsInternal()
#6 C:\xampp\htdocs\Yii Core\framework\web\CController.php(308): CInlineAction->runWithParams()
#7 C:\xampp\htdocs\Yii Core\framework\web\CController.php(286): EventController->runAction()
#8 C:\xampp\htdocs\Yii Core\framework\web\CController.php(265): EventController->runActionWithFilters()
#9 C:\xampp\htdocs\Yii Core\framework\web\CWebApplication.php(282): EventController->run()
#10 C:\xampp\htdocs\Yii Core\framework\web\CWebApplication.php(141): CWebApplication->runController()
#11 C:\xampp\htdocs\Yii Core\framework\base\CApplication.php(180): CWebApplication->processRequest()
#12 C:\xampp\htdocs\tagEvent\index.php(13): CWebApplication->run()
REQUEST_URI=/tagEvent/index.php/event/view/3
in C:\xampp\htdocs\tagEvent\protected\views\event\view.php (95)
in C:\xampp\htdocs\tagEvent\protected\controllers\EventController.php (41)
in C:\xampp\htdocs\tagEvent\index.php (13)
